app/build/intermediates/manifest_merge_blame_file/debug/manifest-merger-blame-debug-report.txt
1<?xml version="1.0" encoding="utf-8"?>
2<manifest xmlns:android="http://schemas.android.com/apk/res/android"
3    package="com.full.k.tv.top.secure.channels"
4    android:versionCode="1"
5    android:versionName="1.0" >
6
7    <uses-sdk
8        android:minSdkVersion="21"
8-->src\main\AndroidManifest.xml
9        android:targetSdkVersion="32" />
9-->src\main\AndroidManifest.xml
10
11    <uses-permission android:name="android.permission.INTERNET" />
11-->src\main\AndroidManifest.xml:5:5-67
11-->src\main\AndroidManifest.xml:5:22-64
12    <uses-permission android:name="android.permission.ACCESS_NETWORK_STATE" />
12-->src\main\AndroidManifest.xml:6:5-79
12-->src\main\AndroidManifest.xml:6:22-76
13    <uses-permission android:name="android.permission.ACCESS_WIFI_STATE" />
13-->src\main\AndroidManifest.xml:7:5-76
13-->src\main\AndroidManifest.xml:7:22-73
14    <uses-permission android:name="com.android.vending.BILLING" />
14-->[com.android.billingclient:billing-ktx:5.0.0] AndroidManifest.xml:9:5-67
14-->[com.android.billingclient:billing-ktx:5.0.0] AndroidManifest.xml:9:22-64
15
16    <application
16-->src\main\AndroidManifest.xml:9:5-48:19
17        android:allowBackup="true"
17-->src\main\AndroidManifest.xml:10:9-35
18        android:appComponentFactory="androidx.core.app.CoreComponentFactory"
18-->[androidx.core:core:1.7.0] AndroidManifest.xml:24:18-86
19        android:debuggable="true"
20        android:icon="@mipmap/ic_launcher"
20-->src\main\AndroidManifest.xml:11:9-43
21        android:label="@string/app_name"
21-->src\main\AndroidManifest.xml:12:9-41
22        android:roundIcon="@mipmap/ic_launcher_round"
22-->src\main\AndroidManifest.xml:13:9-54
23        android:supportsRtl="true"
23-->src\main\AndroidManifest.xml:14:9-35
24        android:theme="@style/AppTheme" >
24-->src\main\AndroidManifest.xml:15:9-40
25        <activity
25-->src\main\AndroidManifest.xml:16:9-20:40
26            android:name="com.full.k.tv.top.secure.channels.SettingsActivity"
26-->src\main\AndroidManifest.xml:17:13-45
27            android:exported="false"
27-->src\main\AndroidManifest.xml:20:13-37
28            android:label="Settings"
28-->src\main\AndroidManifest.xml:18:13-37
29            android:theme="@style/AppTheme_2" />
29-->src\main\AndroidManifest.xml:19:13-46
30        <activity
30-->src\main\AndroidManifest.xml:21:9-31:20
31            android:name="com.full.k.tv.top.secure.channels.MainActivity"
31-->src\main\AndroidManifest.xml:22:13-41
32            android:exported="true"
32-->src\main\AndroidManifest.xml:23:13-36
33            android:label="@string/app_name"
33-->src\main\AndroidManifest.xml:24:13-45
34            android:theme="@style/AppTheme.NoActionBar" >
34-->src\main\AndroidManifest.xml:25:13-56
35            <intent-filter>
35-->src\main\AndroidManifest.xml:26:13-30:29
36                <action android:name="android.intent.action.MAIN" />
36-->src\main\AndroidManifest.xml:27:17-69
36-->src\main\AndroidManifest.xml:27:25-66
37
38                <category android:name="android.intent.category.LAUNCHER" />
38-->src\main\AndroidManifest.xml:29:17-77
38-->src\main\AndroidManifest.xml:29:27-74
39            </intent-filter>
40        </activity>
41        <activity
41-->src\main\AndroidManifest.xml:32:9-36:48
42            android:name="com.full.k.tv.top.secure.channels.PlaylistActivity"
42-->src\main\AndroidManifest.xml:33:13-45
43            android:configChanges="orientation|keyboardHidden|screenSize"
43-->src\main\AndroidManifest.xml:34:13-74
44            android:exported="true"
44-->src\main\AndroidManifest.xml:35:13-36
45            android:label="@string/app_name" />
45-->src\main\AndroidManifest.xml:36:13-45
46        <activity
46-->src\main\AndroidManifest.xml:37:9-41:48
47            android:name="com.full.k.tv.top.secure.channels.ChannelsActivity"
47-->src\main\AndroidManifest.xml:38:13-45
48            android:configChanges="orientation|keyboardHidden|screenSize"
48-->src\main\AndroidManifest.xml:39:13-74
49            android:exported="true"
49-->src\main\AndroidManifest.xml:40:13-36
50            android:label="@string/app_name" />
50-->src\main\AndroidManifest.xml:41:13-45
51        <activity
51-->src\main\AndroidManifest.xml:42:9-47:53
52            android:name="com.full.k.tv.top.secure.channels.PlayerActivity"
52-->src\main\AndroidManifest.xml:43:13-43
53            android:configChanges="orientation|keyboardHidden|screenSize"
53-->src\main\AndroidManifest.xml:44:13-74
54            android:exported="true"
54-->src\main\AndroidManifest.xml:45:13-36
55            android:label="@string/app_name"
55-->src\main\AndroidManifest.xml:46:13-45
56            android:screenOrientation="landscape" />
56-->src\main\AndroidManifest.xml:47:13-50
57        <activity
57-->[com.github.khizar1556.MKVideoPlayer:mkvideoplayer:0.1.5] AndroidManifest.xml:19:9-22:50
58            android:name="com.khizar1556.mkvideoplayer.MKPlayerActivity"
58-->[com.github.khizar1556.MKVideoPlayer:mkvideoplayer:0.1.5] AndroidManifest.xml:20:13-73
59            android:configChanges="keyboardHidden|orientation|screenSize"
59-->[com.github.khizar1556.MKVideoPlayer:mkvideoplayer:0.1.5] AndroidManifest.xml:21:13-74
60            android:screenOrientation="sensor" />
60-->[com.github.khizar1556.MKVideoPlayer:mkvideoplayer:0.1.5] AndroidManifest.xml:22:13-47
61
62        <provider
62-->[androidx.emoji2:emoji2:1.0.0] AndroidManifest.xml:26:9-34:20
63            android:name="androidx.startup.InitializationProvider"
63-->[androidx.emoji2:emoji2:1.0.0] AndroidManifest.xml:27:13-67
64            android:authorities="com.full.k.tv.top.secure.channels.androidx-startup"
64-->[androidx.emoji2:emoji2:1.0.0] AndroidManifest.xml:28:13-68
65            android:exported="false" >
65-->[androidx.emoji2:emoji2:1.0.0] AndroidManifest.xml:29:13-37
66            <meta-data
66-->[androidx.emoji2:emoji2:1.0.0] AndroidManifest.xml:31:13-33:52
67                android:name="androidx.emoji2.text.EmojiCompatInitializer"
67-->[androidx.emoji2:emoji2:1.0.0] AndroidManifest.xml:32:17-75
68                android:value="androidx.startup" />
68-->[androidx.emoji2:emoji2:1.0.0] AndroidManifest.xml:33:17-49
69            <meta-data
69-->[androidx.lifecycle:lifecycle-process:2.4.0] AndroidManifest.xml:31:13-33:52
70                android:name="androidx.lifecycle.ProcessLifecycleInitializer"
70-->[androidx.lifecycle:lifecycle-process:2.4.0] AndroidManifest.xml:32:17-78
71                android:value="androidx.startup" />
71-->[androidx.lifecycle:lifecycle-process:2.4.0] AndroidManifest.xml:33:17-49
72        </provider>
73
74        <meta-data
74-->[com.android.billingclient:billing:5.0.0] AndroidManifest.xml:13:9-15:37
75            android:name="com.google.android.play.billingclient.version"
75-->[com.android.billingclient:billing:5.0.0] AndroidManifest.xml:14:13-73
76            android:value="5.0.0" />
76-->[com.android.billingclient:billing:5.0.0] AndroidManifest.xml:15:13-34
77
78        <activity
78-->[com.android.billingclient:billing:5.0.0] AndroidManifest.xml:17:9-21:75
79            android:name="com.android.billingclient.api.ProxyBillingActivity"
79-->[com.android.billingclient:billing:5.0.0] AndroidManifest.xml:18:13-78
80            android:configChanges="keyboard|keyboardHidden|screenLayout|screenSize|orientation"
80-->[com.android.billingclient:billing:5.0.0] AndroidManifest.xml:19:13-96
81            android:exported="false"
81-->[com.android.billingclient:billing:5.0.0] AndroidManifest.xml:20:13-37
82            android:theme="@android:style/Theme.Translucent.NoTitleBar" />
82-->[com.android.billingclient:billing:5.0.0] AndroidManifest.xml:21:13-72
83    </application>
84
85</manifest>